objects/natural/ground/grass_eco_set/green_grass_tall_d.cgf
objects/natural/ground/grass_eco_set/green_grass_tall_d.cgf
objects/natural/ground/grass_eco_set/green_grass_tall_d.cgf
objects/natural/ground/grass_eco_set/green_grass_tall_d.cgf
objects/natural/ground/grass_eco_set/green_grass_tall_d.cgf
objects/natural/ground/grass_eco_set/green_grass_tall_d.cgf
objects/natural/ground/grass_eco_set/green_grass_tall_d.cgf
objects/natural/ground/grass_eco_set/green_grass_tall_c.cgf
objects/natural/ground/grass_eco_set/green_grass_tall_c.cgf
objects/natural/ground/grass_eco_set/green_grass_tall_c.cgf
objects/natural/ground/grass_eco_set/green_grass_tall_c.cgf
objects/natural/ground/grass_eco_set/green_grass_tall_c.cgf
objects/natural/ground/grass_eco_set/green_grass_tall_c.cgf
objects/natural/ground/grass_eco_set/green_grass_tall_c.cgf
objects/natural/ground/grass_eco_set/green_grass_tall_c.cgf
objects/natural/ground/grass_eco_set/green_grass_c_bg.cgf
objects/natural/ground/grass_eco_set/green_grass_c_bg.cgf
objects/natural/ground/grass_eco_set/green_grass_c_bg.cgf
objects/natural/ground/grass_eco_set/green_grass_tall_a_bg.cgf
objects/natural/ground/grass_eco_set/green_grass_tall_a_bg.cgf
objects/natural/ground/grass_eco_set/green_grass_tall_a_bg.cgf
objects/natural/ground/needles_brunch_covers/grass_coverage_b.cgf
objects/natural/ground/grass_eco_set/green_grass_e.cgf
objects/natural/ground/grass_eco_set/green_grass_d.cgf
objects/natural/ground/grass_eco_set/dry_green_grass_e.cgf
objects/natural/ground/grass_eco_set/dry_grass_e.cgf
