objects/natural/ground/grass_eco_set/dry_green_grass_e.cgf
objects/natural/ground/grass_eco_set/dry_green_grass_e.cgf
objects/natural/ground/grass_eco_set/dry_grass_tall_a.cgf
objects/natural/ground/grass_eco_set/green_grass_e.cgf
objects/natural/ground/grass_eco_set/green_grass_e.cgf
objects/natural/ground/grass_eco_set/dry_green_grass_fallen_b.cgf
objects/natural/ground/grass_eco_set/dry_green_grass_fallen_b.cgf
objects/natural/ground/grass_eco_set/dry_grass_c.cgf
objects/natural/ground/wild_flowers/forgetmenot_flower/forgetmenot_flower_a_color_a.cgf
objects/natural/ground/grass_eco_set/green_grass_d.cgf
objects/natural/ground/wild_flowers/forgetmenot_flower/forgetmenot_cover_b.cgf
objects/natural/ground/grass_eco_set/green_grass_fallen_b.cgf
objects/natural/ground/wild_flowers/forgetmenot_flower/forgetmenot_flower_b_color_a.cgf
objects/natural/ground/grass_eco_set/dry_green_grass_d.cgf
objects/natural/ground/grass_eco_set/green_grass_tall_d.cgf
objects/natural/ground/grass_eco_set/green_grass_tall_d.cgf
objects/natural/bush/rock_covarage_bush/rock_bush_a.cgf
objects/natural/bush/rock_covarage_bush/rock_bush_a.cgf
objects/natural/bush/rock_covarage_bush/rock_bush_c.cgf
objects/natural/bush/form_bush/wild_bush_a.cgf
objects/natural/bush/form_bush/wild_bush_a.cgf
objects/natural/ground/grass_eco_set/green_grass_tall_c.cgf
